The target system is: Linux -  - arm
The host system is: Linux - 4.4.0-142-generic - x86_64
Compiling the C compiler identification source file "CMakeCCompilerId.c" succeeded.
Compiler: /usr/bin/arm-linux-gnueabihf-gcc 
Build flags: 
Id flags: 

The output was:
0


Compilation of the C compiler identification source "CMakeCCompilerId.c" produced "a.out"

The C compiler identification is GNU, found in "/home/jaehyun/build_arm/CMakeFiles/3.2.2/CompilerIdC/a.out"

Determining if the C compiler works passed with the following output:
Change Dir: /home/jaehyun/build_arm/CMakeFiles/CMakeTmp

Run Build Command:"/usr/bin/make" "cmTryCompileExec755416901/fast"
/usr/bin/make -f CMakeFiles/cmTryCompileExec755416901.dir/build.make CMakeFiles/cmTryCompileExec755416901.dir/build
make[1]: Entering directory `/home/jaehyun/build_arm/CMakeFiles/CMakeTmp'
/usr/bin/cmake -E cmake_progress_report /home/jaehyun/build_arm/CMakeFiles/CMakeTmp/CMakeFiles 1
Building C object CMakeFiles/cmTryCompileExec755416901.dir/testCCompiler.c.o
/usr/bin/arm-linux-gnueabihf-gcc    -o CMakeFiles/cmTryCompileExec755416901.dir/testCCompiler.c.o   -c /home/jaehyun/build_arm/CMakeFiles/CMakeTmp/testCCompiler.c
Linking C executable cmTryCompileExec755416901
/usr/bin/cmake -E cmake_link_script CMakeFiles/cmTryCompileExec755416901.dir/link.txt --verbose=1
/usr/bin/arm-linux-gnueabihf-gcc       CMakeFiles/cmTryCompileExec755416901.dir/testCCompiler.c.o  -o cmTryCompileExec755416901 -rdynamic 
make[1]: Leaving directory `/home/jaehyun/build_arm/CMakeFiles/CMakeTmp'


Detecting C compiler ABI info compiled with the following output:
Change Dir: /home/jaehyun/build_arm/CMakeFiles/CMakeTmp

Run Build Command:"/usr/bin/make" "cmTryCompileExec2253121598/fast"
/usr/bin/make -f CMakeFiles/cmTryCompileExec2253121598.dir/build.make CMakeFiles/cmTryCompileExec2253121598.dir/build
make[1]: Entering directory `/home/jaehyun/build_arm/CMakeFiles/CMakeTmp'
/usr/bin/cmake -E cmake_progress_report /home/jaehyun/build_arm/CMakeFiles/CMakeTmp/CMakeFiles 1
Building C object CMakeFiles/cmTryCompileExec2253121598.dir/CMakeCCompilerABI.c.o
/usr/bin/arm-linux-gnueabihf-gcc    -o CMakeFiles/cmTryCompileExec2253121598.dir/CMakeCCompilerABI.c.o   -c /usr/share/cmake-3.2/Modules/CMakeCCompilerABI.c
Linking C executable cmTryCompileExec2253121598
/usr/bin/cmake -E cmake_link_script CMakeFiles/cmTryCompileExec2253121598.dir/link.txt --verbose=1
/usr/bin/arm-linux-gnueabihf-gcc      -v CMakeFiles/cmTryCompileExec2253121598.dir/CMakeCCompilerABI.c.o  -o cmTryCompileExec2253121598 -rdynamic  
Using built-in specs.
COLLECT_GCC=/usr/bin/arm-linux-gnueabihf-gcc
COLLECT_LTO_WRAPPER=/usr/lib/gcc-cross/arm-linux-gnueabihf/4.8/lto-wrapper
Target: arm-linux-gnueabihf
Configured with: ../src/configure -v --with-pkgversion='Ubuntu/Linaro 4.8.4-2ubuntu1~14.04.1' --with-bugurl=file:///usr/share/doc/gcc-4.8/README.Bugs --enable-languages=c,c++,java,go,d,fortran,objc,obj-c++ --prefix=/usr --program-suffix=-4.8 --enable-shared --enable-linker-build-id --libexecdir=/usr/lib --without-included-gettext --enable-threads=posix --with-gxx-include-dir=/usr/arm-linux-gnueabihf/include/c++/4.8.4 --libdir=/usr/lib --enable-nls --with-sysroot=/ --enable-clocale=gnu --enable-libstdcxx-debug --enable-libstdcxx-time=yes --enable-gnu-unique-object --disable-libmudflap --disable-libitm --disable-libquadmath --enable-plugin --with-system-zlib --disable-browser-plugin --enable-java-awt=gtk --enable-gtk-cairo --with-java-home=/usr/lib/jvm/java-1.5.0-gcj-4.8-armhf-cross/jre --enable-java-home --with-jvm-root-dir=/usr/lib/jvm/java-1.5.0-gcj-4.8-armhf-cross --with-jvm-jar-dir=/usr/lib/jvm-exports/java-1.5.0-gcj-4.8-armhf-cross --with-arch-directory=arm --with-ecj-jar=/usr/share/java/eclipse-ecj.jar --disable-libgcj --enable-objc-gc --enable-multiarch --enable-multilib --disable-sjlj-exceptions --with-arch=armv7-a --with-fpu=vfpv3-d16 --with-float=hard --with-mode=thumb --disable-werror --enable-checking=release --build=x86_64-linux-gnu --host=x86_64-linux-gnu --target=arm-linux-gnueabihf --program-prefix=arm-linux-gnueabihf- --includedir=/usr/arm-linux-gnueabihf/include
Thread model: posix
gcc version 4.8.4 (Ubuntu/Linaro 4.8.4-2ubuntu1~14.04.1) 
COMPILER_PATH=/usr/lib/gcc-cross/arm-linux-gnueabihf/4.8/:/usr/lib/gcc-cross/arm-linux-gnueabihf/4.8/:/usr/lib/gcc-cross/arm-linux-gnueabihf/:/usr/lib/gcc-cross/arm-linux-gnueabihf/4.8/:/usr/lib/gcc-cross/arm-linux-gnueabihf/:/usr/lib/gcc-cross/arm-linux-gnueabihf/4.8/../../../../arm-linux-gnueabihf/bin/
LIBRARY_PATH=/usr/lib/gcc-cross/arm-linux-gnueabihf/4.8/:/usr/lib/gcc-cross/arm-linux-gnueabihf/4.8/../../../../arm-linux-gnueabihf/lib/../lib/:/lib/../lib/:/usr/lib/../lib/:/usr/lib/gcc-cross/arm-linux-gnueabihf/4.8/../../../../arm-linux-gnueabihf/lib/:/lib/:/usr/lib/
COLLECT_GCC_OPTIONS='-v' '-o' 'cmTryCompileExec2253121598' '-rdynamic' '-march=armv7-a' '-mfloat-abi=hard' '-mfpu=vfpv3-d16' '-mthumb' '-mtls-dialect=gnu'
 /usr/lib/gcc-cross/arm-linux-gnueabihf/4.8/collect2 --sysroot=/ --build-id --eh-frame-hdr -export-dynamic -dynamic-linker /lib/ld-linux-armhf.so.3 -X --hash-style=gnu --as-needed -m armelf_linux_eabi -z relro -o cmTryCompileExec2253121598 /usr/lib/gcc-cross/arm-linux-gnueabihf/4.8/../../../../arm-linux-gnueabihf/lib/../lib/crt1.o /usr/lib/gcc-cross/arm-linux-gnueabihf/4.8/../../../../arm-linux-gnueabihf/lib/../lib/crti.o /usr/lib/gcc-cross/arm-linux-gnueabihf/4.8/crtbegin.o -L/usr/lib/gcc-cross/arm-linux-gnueabihf/4.8 -L/usr/lib/gcc-cross/arm-linux-gnueabihf/4.8/../../../../arm-linux-gnueabihf/lib/../lib -L/lib/../lib -L/usr/lib/../lib -L/usr/lib/gcc-cross/arm-linux-gnueabihf/4.8/../../../../arm-linux-gnueabihf/lib CMakeFiles/cmTryCompileExec2253121598.dir/CMakeCCompilerABI.c.o -lgcc --as-needed -lgcc_s --no-as-needed -lc -lgcc --as-needed -lgcc_s --no-as-needed /usr/lib/gcc-cross/arm-linux-gnueabihf/4.8/crtend.o /usr/lib/gcc-cross/arm-linux-gnueabihf/4.8/../../../../arm-linux-gnueabihf/lib/../lib/crtn.o
make[1]: Leaving directory `/home/jaehyun/build_arm/CMakeFiles/CMakeTmp'


Parsed C implicit link information from above output:
  link line regex: [^( *|.*[/\])(arm-linux-gnueabihf-ld|([^/\]+-)?ld|collect2)[^/\]*( |$)]
  ignore line: [Change Dir: /home/jaehyun/build_arm/CMakeFiles/CMakeTmp]
  ignore line: []
  ignore line: [Run Build Command:"/usr/bin/make" "cmTryCompileExec2253121598/fast"]
  ignore line: [/usr/bin/make -f CMakeFiles/cmTryCompileExec2253121598.dir/build.make CMakeFiles/cmTryCompileExec2253121598.dir/build]
  ignore line: [make[1]: Entering directory `/home/jaehyun/build_arm/CMakeFiles/CMakeTmp']
  ignore line: [/usr/bin/cmake -E cmake_progress_report /home/jaehyun/build_arm/CMakeFiles/CMakeTmp/CMakeFiles 1]
  ignore line: [Building C object CMakeFiles/cmTryCompileExec2253121598.dir/CMakeCCompilerABI.c.o]
  ignore line: [/usr/bin/arm-linux-gnueabihf-gcc    -o CMakeFiles/cmTryCompileExec2253121598.dir/CMakeCCompilerABI.c.o   -c /usr/share/cmake-3.2/Modules/CMakeCCompilerABI.c]
  ignore line: [Linking C executable cmTryCompileExec2253121598]
  ignore line: [/usr/bin/cmake -E cmake_link_script CMakeFiles/cmTryCompileExec2253121598.dir/link.txt --verbose=1]
  ignore line: [/usr/bin/arm-linux-gnueabihf-gcc      -v CMakeFiles/cmTryCompileExec2253121598.dir/CMakeCCompilerABI.c.o  -o cmTryCompileExec2253121598 -rdynamic  ]
  ignore line: [Using built-in specs.]
  ignore line: [COLLECT_GCC=/usr/bin/arm-linux-gnueabihf-gcc]
  ignore line: [COLLECT_LTO_WRAPPER=/usr/lib/gcc-cross/arm-linux-gnueabihf/4.8/lto-wrapper]
  ignore line: [Target: arm-linux-gnueabihf]
  ignore line: [Configured with: ../src/configure -v --with-pkgversion='Ubuntu/Linaro 4.8.4-2ubuntu1~14.04.1' --with-bugurl=file:///usr/share/doc/gcc-4.8/README.Bugs --enable-languages=c,c++,java,go,d,fortran,objc,obj-c++ --prefix=/usr --program-suffix=-4.8 --enable-shared --enable-linker-build-id --libexecdir=/usr/lib --without-included-gettext --enable-threads=posix --with-gxx-include-dir=/usr/arm-linux-gnueabihf/include/c++/4.8.4 --libdir=/usr/lib --enable-nls --with-sysroot=/ --enable-clocale=gnu --enable-libstdcxx-debug --enable-libstdcxx-time=yes --enable-gnu-unique-object --disable-libmudflap --disable-libitm --disable-libquadmath --enable-plugin --with-system-zlib --disable-browser-plugin --enable-java-awt=gtk --enable-gtk-cairo --with-java-home=/usr/lib/jvm/java-1.5.0-gcj-4.8-armhf-cross/jre --enable-java-home --with-jvm-root-dir=/usr/lib/jvm/java-1.5.0-gcj-4.8-armhf-cross --with-jvm-jar-dir=/usr/lib/jvm-exports/java-1.5.0-gcj-4.8-armhf-cross --with-arch-directory=arm --with-ecj-jar=/usr/share/java/eclipse-ecj.jar --disable-libgcj --enable-objc-gc --enable-multiarch --enable-multilib --disable-sjlj-exceptions --with-arch=armv7-a --with-fpu=vfpv3-d16 --with-float=hard --with-mode=thumb --disable-werror --enable-checking=release --build=x86_64-linux-gnu --host=x86_64-linux-gnu --target=arm-linux-gnueabihf --program-prefix=arm-linux-gnueabihf- --includedir=/usr/arm-linux-gnueabihf/include]
  ignore line: [Thread model: posix]
  ignore line: [gcc version 4.8.4 (Ubuntu/Linaro 4.8.4-2ubuntu1~14.04.1) ]
  ignore line: [COMPILER_PATH=/usr/lib/gcc-cross/arm-linux-gnueabihf/4.8/:/usr/lib/gcc-cross/arm-linux-gnueabihf/4.8/:/usr/lib/gcc-cross/arm-linux-gnueabihf/:/usr/lib/gcc-cross/arm-linux-gnueabihf/4.8/:/usr/lib/gcc-cross/arm-linux-gnueabihf/:/usr/lib/gcc-cross/arm-linux-gnueabihf/4.8/../../../../arm-linux-gnueabihf/bin/]
  ignore line: [LIBRARY_PATH=/usr/lib/gcc-cross/arm-linux-gnueabihf/4.8/:/usr/lib/gcc-cross/arm-linux-gnueabihf/4.8/../../../../arm-linux-gnueabihf/lib/../lib/:/lib/../lib/:/usr/lib/../lib/:/usr/lib/gcc-cross/arm-linux-gnueabihf/4.8/../../../../arm-linux-gnueabihf/lib/:/lib/:/usr/lib/]
  ignore line: [COLLECT_GCC_OPTIONS='-v' '-o' 'cmTryCompileExec2253121598' '-rdynamic' '-march=armv7-a' '-mfloat-abi=hard' '-mfpu=vfpv3-d16' '-mthumb' '-mtls-dialect=gnu']
  link line: [ /usr/lib/gcc-cross/arm-linux-gnueabihf/4.8/collect2 --sysroot=/ --build-id --eh-frame-hdr -export-dynamic -dynamic-linker /lib/ld-linux-armhf.so.3 -X --hash-style=gnu --as-needed -m armelf_linux_eabi -z relro -o cmTryCompileExec2253121598 /usr/lib/gcc-cross/arm-linux-gnueabihf/4.8/../../../../arm-linux-gnueabihf/lib/../lib/crt1.o /usr/lib/gcc-cross/arm-linux-gnueabihf/4.8/../../../../arm-linux-gnueabihf/lib/../lib/crti.o /usr/lib/gcc-cross/arm-linux-gnueabihf/4.8/crtbegin.o -L/usr/lib/gcc-cross/arm-linux-gnueabihf/4.8 -L/usr/lib/gcc-cross/arm-linux-gnueabihf/4.8/../../../../arm-linux-gnueabihf/lib/../lib -L/lib/../lib -L/usr/lib/../lib -L/usr/lib/gcc-cross/arm-linux-gnueabihf/4.8/../../../../arm-linux-gnueabihf/lib CMakeFiles/cmTryCompileExec2253121598.dir/CMakeCCompilerABI.c.o -lgcc --as-needed -lgcc_s --no-as-needed -lc -lgcc --as-needed -lgcc_s --no-as-needed /usr/lib/gcc-cross/arm-linux-gnueabihf/4.8/crtend.o /usr/lib/gcc-cross/arm-linux-gnueabihf/4.8/../../../../arm-linux-gnueabihf/lib/../lib/crtn.o]
    arg [/usr/lib/gcc-cross/arm-linux-gnueabihf/4.8/collect2] ==> ignore
    arg [--sysroot=/] ==> ignore
    arg [--build-id] ==> ignore
    arg [--eh-frame-hdr] ==> ignore
    arg [-export-dynamic] ==> ignore
    arg [-dynamic-linker] ==> ignore
    arg [/lib/ld-linux-armhf.so.3] ==> ignore
    arg [-X] ==> ignore
    arg [--hash-style=gnu] ==> ignore
    arg [--as-needed] ==> ignore
    arg [-m] ==> ignore
    arg [armelf_linux_eabi] ==> ignore
    arg [-zrelro] ==> ignore
    arg [-o] ==> ignore
    arg [cmTryCompileExec2253121598] ==> ignore
    arg [/usr/lib/gcc-cross/arm-linux-gnueabihf/4.8/../../../../arm-linux-gnueabihf/lib/../lib/crt1.o] ==> ignore
    arg [/usr/lib/gcc-cross/arm-linux-gnueabihf/4.8/../../../../arm-linux-gnueabihf/lib/../lib/crti.o] ==> ignore
    arg [/usr/lib/gcc-cross/arm-linux-gnueabihf/4.8/crtbegin.o] ==> ignore
    arg [-L/usr/lib/gcc-cross/arm-linux-gnueabihf/4.8] ==> dir [/usr/lib/gcc-cross/arm-linux-gnueabihf/4.8]
    arg [-L/usr/lib/gcc-cross/arm-linux-gnueabihf/4.8/../../../../arm-linux-gnueabihf/lib/../lib] ==> dir [/usr/lib/gcc-cross/arm-linux-gnueabihf/4.8/../../../../arm-linux-gnueabihf/lib/../lib]
    arg [-L/lib/../lib] ==> dir [/lib/../lib]
    arg [-L/usr/lib/../lib] ==> dir [/usr/lib/../lib]
    arg [-L/usr/lib/gcc-cross/arm-linux-gnueabihf/4.8/../../../../arm-linux-gnueabihf/lib] ==> dir [/usr/lib/gcc-cross/arm-linux-gnueabihf/4.8/../../../../arm-linux-gnueabihf/lib]
    arg [CMakeFiles/cmTryCompileExec2253121598.dir/CMakeCCompilerABI.c.o] ==> ignore
    arg [-lgcc] ==> lib [gcc]
    arg [--as-needed] ==> ignore
    arg [-lgcc_s] ==> lib [gcc_s]
    arg [--no-as-needed] ==> ignore
    arg [-lc] ==> lib [c]
    arg [-lgcc] ==> lib [gcc]
    arg [--as-needed] ==> ignore
    arg [-lgcc_s] ==> lib [gcc_s]
    arg [--no-as-needed] ==> ignore
    arg [/usr/lib/gcc-cross/arm-linux-gnueabihf/4.8/crtend.o] ==> ignore
    arg [/usr/lib/gcc-cross/arm-linux-gnueabihf/4.8/../../../../arm-linux-gnueabihf/lib/../lib/crtn.o] ==> ignore
  remove lib [gcc]
  remove lib [gcc_s]
  remove lib [gcc]
  remove lib [gcc_s]
  collapse library dir [/usr/lib/gcc-cross/arm-linux-gnueabihf/4.8] ==> [/usr/lib/gcc-cross/arm-linux-gnueabihf/4.8]
  collapse library dir [/usr/lib/gcc-cross/arm-linux-gnueabihf/4.8/../../../../arm-linux-gnueabihf/lib/../lib] ==> [/usr/arm-linux-gnueabihf/lib]
  collapse library dir [/lib/../lib] ==> [/lib]
  collapse library dir [/usr/lib/../lib] ==> [/usr/lib]
  collapse library dir [/usr/lib/gcc-cross/arm-linux-gnueabihf/4.8/../../../../arm-linux-gnueabihf/lib] ==> [/usr/arm-linux-gnueabihf/lib]
  implicit libs: [c]
  implicit dirs: [/usr/lib/gcc-cross/arm-linux-gnueabihf/4.8;/usr/arm-linux-gnueabihf/lib;/lib;/usr/lib]
  implicit fwks: []




Detecting C [-std=c11] compiler features compiled with the following output:
Change Dir: /home/jaehyun/build_arm/CMakeFiles/CMakeTmp

Run Build Command:"/usr/bin/make" "cmTryCompileExec4264493642/fast"
/usr/bin/make -f CMakeFiles/cmTryCompileExec4264493642.dir/build.make CMakeFiles/cmTryCompileExec4264493642.dir/build
make[1]: Entering directory `/home/jaehyun/build_arm/CMakeFiles/CMakeTmp'
/usr/bin/cmake -E cmake_progress_report /home/jaehyun/build_arm/CMakeFiles/CMakeTmp/CMakeFiles 1
Building C object CMakeFiles/cmTryCompileExec4264493642.dir/feature_tests.c.o
/usr/bin/arm-linux-gnueabihf-gcc   -std=c11 -o CMakeFiles/cmTryCompileExec4264493642.dir/feature_tests.c.o   -c /home/jaehyun/build_arm/CMakeFiles/feature_tests.c
Linking C executable cmTryCompileExec4264493642
/usr/bin/cmake -E cmake_link_script CMakeFiles/cmTryCompileExec4264493642.dir/link.txt --verbose=1
/usr/bin/arm-linux-gnueabihf-gcc       CMakeFiles/cmTryCompileExec4264493642.dir/feature_tests.c.o  -o cmTryCompileExec4264493642 -rdynamic 
make[1]: Leaving directory `/home/jaehyun/build_arm/CMakeFiles/CMakeTmp'


    Feature record: C_FEATURE:1c_function_prototypes
    Feature record: C_FEATURE:1c_restrict
    Feature record: C_FEATURE:1c_static_assert
    Feature record: C_FEATURE:1c_variadic_macros


Detecting C [-std=c99] compiler features compiled with the following output:
Change Dir: /home/jaehyun/build_arm/CMakeFiles/CMakeTmp

Run Build Command:"/usr/bin/make" "cmTryCompileExec1824697748/fast"
/usr/bin/make -f CMakeFiles/cmTryCompileExec1824697748.dir/build.make CMakeFiles/cmTryCompileExec1824697748.dir/build
make[1]: Entering directory `/home/jaehyun/build_arm/CMakeFiles/CMakeTmp'
/usr/bin/cmake -E cmake_progress_report /home/jaehyun/build_arm/CMakeFiles/CMakeTmp/CMakeFiles 1
Building C object CMakeFiles/cmTryCompileExec1824697748.dir/feature_tests.c.o
/usr/bin/arm-linux-gnueabihf-gcc   -std=c99 -o CMakeFiles/cmTryCompileExec1824697748.dir/feature_tests.c.o   -c /home/jaehyun/build_arm/CMakeFiles/feature_tests.c
Linking C executable cmTryCompileExec1824697748
/usr/bin/cmake -E cmake_link_script CMakeFiles/cmTryCompileExec1824697748.dir/link.txt --verbose=1
/usr/bin/arm-linux-gnueabihf-gcc       CMakeFiles/cmTryCompileExec1824697748.dir/feature_tests.c.o  -o cmTryCompileExec1824697748 -rdynamic 
make[1]: Leaving directory `/home/jaehyun/build_arm/CMakeFiles/CMakeTmp'


    Feature record: C_FEATURE:1c_function_prototypes
    Feature record: C_FEATURE:1c_restrict
    Feature record: C_FEATURE:0c_static_assert
    Feature record: C_FEATURE:1c_variadic_macros


Detecting C [-std=c90] compiler features compiled with the following output:
Change Dir: /home/jaehyun/build_arm/CMakeFiles/CMakeTmp

Run Build Command:"/usr/bin/make" "cmTryCompileExec549207867/fast"
/usr/bin/make -f CMakeFiles/cmTryCompileExec549207867.dir/build.make CMakeFiles/cmTryCompileExec549207867.dir/build
make[1]: Entering directory `/home/jaehyun/build_arm/CMakeFiles/CMakeTmp'
/usr/bin/cmake -E cmake_progress_report /home/jaehyun/build_arm/CMakeFiles/CMakeTmp/CMakeFiles 1
Building C object CMakeFiles/cmTryCompileExec549207867.dir/feature_tests.c.o
/usr/bin/arm-linux-gnueabihf-gcc   -std=c90 -o CMakeFiles/cmTryCompileExec549207867.dir/feature_tests.c.o   -c /home/jaehyun/build_arm/CMakeFiles/feature_tests.c
Linking C executable cmTryCompileExec549207867
/usr/bin/cmake -E cmake_link_script CMakeFiles/cmTryCompileExec549207867.dir/link.txt --verbose=1
/usr/bin/arm-linux-gnueabihf-gcc       CMakeFiles/cmTryCompileExec549207867.dir/feature_tests.c.o  -o cmTryCompileExec549207867 -rdynamic 
make[1]: Leaving directory `/home/jaehyun/build_arm/CMakeFiles/CMakeTmp'


    Feature record: C_FEATURE:1c_function_prototypes
    Feature record: C_FEATURE:0c_restrict
    Feature record: C_FEATURE:0c_static_assert
    Feature record: C_FEATURE:0c_variadic_macros
Compiling the CXX compiler identification source file "CMakeCXXCompilerId.cpp" succeeded.
Compiler: /usr/bin/arm-linux-gnueabihf-g++ 
Build flags: 
Id flags: 

The output was:
0


Compilation of the CXX compiler identification source "CMakeCXXCompilerId.cpp" produced "a.out"

The CXX compiler identification is GNU, found in "/home/jaehyun/build_arm/CMakeFiles/3.2.2/CompilerIdCXX/a.out"

Determining if the CXX compiler works passed with the following output:
Change Dir: /home/jaehyun/build_arm/CMakeFiles/CMakeTmp

Run Build Command:"/usr/bin/make" "cmTryCompileExec4233787954/fast"
/usr/bin/make -f CMakeFiles/cmTryCompileExec4233787954.dir/build.make CMakeFiles/cmTryCompileExec4233787954.dir/build
make[1]: Entering directory `/home/jaehyun/build_arm/CMakeFiles/CMakeTmp'
/usr/bin/cmake -E cmake_progress_report /home/jaehyun/build_arm/CMakeFiles/CMakeTmp/CMakeFiles 1
Building CXX object CMakeFiles/cmTryCompileExec4233787954.dir/testCXXCompiler.cxx.o
/usr/bin/arm-linux-gnueabihf-g++     -o CMakeFiles/cmTryCompileExec4233787954.dir/testCXXCompiler.cxx.o -c /home/jaehyun/build_arm/CMakeFiles/CMakeTmp/testCXXCompiler.cxx
Linking CXX executable cmTryCompileExec4233787954
/usr/bin/cmake -E cmake_link_script CMakeFiles/cmTryCompileExec4233787954.dir/link.txt --verbose=1
/usr/bin/arm-linux-gnueabihf-g++        CMakeFiles/cmTryCompileExec4233787954.dir/testCXXCompiler.cxx.o  -o cmTryCompileExec4233787954 -rdynamic 
make[1]: Leaving directory `/home/jaehyun/build_arm/CMakeFiles/CMakeTmp'


Detecting CXX compiler ABI info compiled with the following output:
Change Dir: /home/jaehyun/build_arm/CMakeFiles/CMakeTmp

Run Build Command:"/usr/bin/make" "cmTryCompileExec584713887/fast"
/usr/bin/make -f CMakeFiles/cmTryCompileExec584713887.dir/build.make CMakeFiles/cmTryCompileExec584713887.dir/build
make[1]: Entering directory `/home/jaehyun/build_arm/CMakeFiles/CMakeTmp'
/usr/bin/cmake -E cmake_progress_report /home/jaehyun/build_arm/CMakeFiles/CMakeTmp/CMakeFiles 1
Building CXX object CMakeFiles/cmTryCompileExec584713887.dir/CMakeCXXCompilerABI.cpp.o
/usr/bin/arm-linux-gnueabihf-g++     -o CMakeFiles/cmTryCompileExec584713887.dir/CMakeCXXCompilerABI.cpp.o -c /usr/share/cmake-3.2/Modules/CMakeCXXCompilerABI.cpp
Linking CXX executable cmTryCompileExec584713887
/usr/bin/cmake -E cmake_link_script CMakeFiles/cmTryCompileExec584713887.dir/link.txt --verbose=1
/usr/bin/arm-linux-gnueabihf-g++       -v CMakeFiles/cmTryCompileExec584713887.dir/CMakeCXXCompilerABI.cpp.o  -o cmTryCompileExec584713887 -rdynamic  
Using built-in specs.
COLLECT_GCC=/usr/bin/arm-linux-gnueabihf-g++
COLLECT_LTO_WRAPPER=/usr/lib/gcc-cross/arm-linux-gnueabihf/4.8/lto-wrapper
Target: arm-linux-gnueabihf
Configured with: ../src/configure -v --with-pkgversion='Ubuntu/Linaro 4.8.4-2ubuntu1~14.04.1' --with-bugurl=file:///usr/share/doc/gcc-4.8/README.Bugs --enable-languages=c,c++,java,go,d,fortran,objc,obj-c++ --prefix=/usr --program-suffix=-4.8 --enable-shared --enable-linker-build-id --libexecdir=/usr/lib --without-included-gettext --enable-threads=posix --with-gxx-include-dir=/usr/arm-linux-gnueabihf/include/c++/4.8.4 --libdir=/usr/lib --enable-nls --with-sysroot=/ --enable-clocale=gnu --enable-libstdcxx-debug --enable-libstdcxx-time=yes --enable-gnu-unique-object --disable-libmudflap --disable-libitm --disable-libquadmath --enable-plugin --with-system-zlib --disable-browser-plugin --enable-java-awt=gtk --enable-gtk-cairo --with-java-home=/usr/lib/jvm/java-1.5.0-gcj-4.8-armhf-cross/jre --enable-java-home --with-jvm-root-dir=/usr/lib/jvm/java-1.5.0-gcj-4.8-armhf-cross --with-jvm-jar-dir=/usr/lib/jvm-exports/java-1.5.0-gcj-4.8-armhf-cross --with-arch-directory=arm --with-ecj-jar=/usr/share/java/eclipse-ecj.jar --disable-libgcj --enable-objc-gc --enable-multiarch --enable-multilib --disable-sjlj-exceptions --with-arch=armv7-a --with-fpu=vfpv3-d16 --with-float=hard --with-mode=thumb --disable-werror --enable-checking=release --build=x86_64-linux-gnu --host=x86_64-linux-gnu --target=arm-linux-gnueabihf --program-prefix=arm-linux-gnueabihf- --includedir=/usr/arm-linux-gnueabihf/include
Thread model: posix
gcc version 4.8.4 (Ubuntu/Linaro 4.8.4-2ubuntu1~14.04.1) 
COMPILER_PATH=/usr/lib/gcc-cross/arm-linux-gnueabihf/4.8/:/usr/lib/gcc-cross/arm-linux-gnueabihf/4.8/:/usr/lib/gcc-cross/arm-linux-gnueabihf/:/usr/lib/gcc-cross/arm-linux-gnueabihf/4.8/:/usr/lib/gcc-cross/arm-linux-gnueabihf/:/usr/lib/gcc-cross/arm-linux-gnueabihf/4.8/../../../../arm-linux-gnueabihf/bin/
LIBRARY_PATH=/usr/lib/gcc-cross/arm-linux-gnueabihf/4.8/:/usr/lib/gcc-cross/arm-linux-gnueabihf/4.8/../../../../arm-linux-gnueabihf/lib/../lib/:/lib/../lib/:/usr/lib/../lib/:/usr/lib/gcc-cross/arm-linux-gnueabihf/4.8/../../../../arm-linux-gnueabihf/lib/:/lib/:/usr/lib/
COLLECT_GCC_OPTIONS='-v' '-o' 'cmTryCompileExec584713887' '-rdynamic' '-shared-libgcc' '-march=armv7-a' '-mfloat-abi=hard' '-mfpu=vfpv3-d16' '-mthumb' '-mtls-dialect=gnu'
 /usr/lib/gcc-cross/arm-linux-gnueabihf/4.8/collect2 --sysroot=/ --build-id --eh-frame-hdr -export-dynamic -dynamic-linker /lib/ld-linux-armhf.so.3 -X --hash-style=gnu --as-needed -m armelf_linux_eabi -z relro -o cmTryCompileExec584713887 /usr/lib/gcc-cross/arm-linux-gnueabihf/4.8/../../../../arm-linux-gnueabihf/lib/../lib/crt1.o /usr/lib/gcc-cross/arm-linux-gnueabihf/4.8/../../../../arm-linux-gnueabihf/lib/../lib/crti.o /usr/lib/gcc-cross/arm-linux-gnueabihf/4.8/crtbegin.o -L/usr/lib/gcc-cross/arm-linux-gnueabihf/4.8 -L/usr/lib/gcc-cross/arm-linux-gnueabihf/4.8/../../../../arm-linux-gnueabihf/lib/../lib -L/lib/../lib -L/usr/lib/../lib -L/usr/lib/gcc-cross/arm-linux-gnueabihf/4.8/../../../../arm-linux-gnueabihf/lib CMakeFiles/cmTryCompileExec584713887.dir/CMakeCXXCompilerABI.cpp.o -lstdc++ -lm -lgcc_s -lgcc -lc -lgcc_s -lgcc /usr/lib/gcc-cross/arm-linux-gnueabihf/4.8/crtend.o /usr/lib/gcc-cross/arm-linux-gnueabihf/4.8/../../../../arm-linux-gnueabihf/lib/../lib/crtn.o
make[1]: Leaving directory `/home/jaehyun/build_arm/CMakeFiles/CMakeTmp'


Parsed CXX implicit link information from above output:
  link line regex: [^( *|.*[/\])(arm-linux-gnueabihf-ld|([^/\]+-)?ld|collect2)[^/\]*( |$)]
  ignore line: [Change Dir: /home/jaehyun/build_arm/CMakeFiles/CMakeTmp]
  ignore line: []
  ignore line: [Run Build Command:"/usr/bin/make" "cmTryCompileExec584713887/fast"]
  ignore line: [/usr/bin/make -f CMakeFiles/cmTryCompileExec584713887.dir/build.make CMakeFiles/cmTryCompileExec584713887.dir/build]
  ignore line: [make[1]: Entering directory `/home/jaehyun/build_arm/CMakeFiles/CMakeTmp']
  ignore line: [/usr/bin/cmake -E cmake_progress_report /home/jaehyun/build_arm/CMakeFiles/CMakeTmp/CMakeFiles 1]
  ignore line: [Building CXX object CMakeFiles/cmTryCompileExec584713887.dir/CMakeCXXCompilerABI.cpp.o]
  ignore line: [/usr/bin/arm-linux-gnueabihf-g++     -o CMakeFiles/cmTryCompileExec584713887.dir/CMakeCXXCompilerABI.cpp.o -c /usr/share/cmake-3.2/Modules/CMakeCXXCompilerABI.cpp]
  ignore line: [Linking CXX executable cmTryCompileExec584713887]
  ignore line: [/usr/bin/cmake -E cmake_link_script CMakeFiles/cmTryCompileExec584713887.dir/link.txt --verbose=1]
  ignore line: [/usr/bin/arm-linux-gnueabihf-g++       -v CMakeFiles/cmTryCompileExec584713887.dir/CMakeCXXCompilerABI.cpp.o  -o cmTryCompileExec584713887 -rdynamic  ]
  ignore line: [Using built-in specs.]
  ignore line: [COLLECT_GCC=/usr/bin/arm-linux-gnueabihf-g++]
  ignore line: [COLLECT_LTO_WRAPPER=/usr/lib/gcc-cross/arm-linux-gnueabihf/4.8/lto-wrapper]
  ignore line: [Target: arm-linux-gnueabihf]
  ignore line: [Configured with: ../src/configure -v --with-pkgversion='Ubuntu/Linaro 4.8.4-2ubuntu1~14.04.1' --with-bugurl=file:///usr/share/doc/gcc-4.8/README.Bugs --enable-languages=c,c++,java,go,d,fortran,objc,obj-c++ --prefix=/usr --program-suffix=-4.8 --enable-shared --enable-linker-build-id --libexecdir=/usr/lib --without-included-gettext --enable-threads=posix --with-gxx-include-dir=/usr/arm-linux-gnueabihf/include/c++/4.8.4 --libdir=/usr/lib --enable-nls --with-sysroot=/ --enable-clocale=gnu --enable-libstdcxx-debug --enable-libstdcxx-time=yes --enable-gnu-unique-object --disable-libmudflap --disable-libitm --disable-libquadmath --enable-plugin --with-system-zlib --disable-browser-plugin --enable-java-awt=gtk --enable-gtk-cairo --with-java-home=/usr/lib/jvm/java-1.5.0-gcj-4.8-armhf-cross/jre --enable-java-home --with-jvm-root-dir=/usr/lib/jvm/java-1.5.0-gcj-4.8-armhf-cross --with-jvm-jar-dir=/usr/lib/jvm-exports/java-1.5.0-gcj-4.8-armhf-cross --with-arch-directory=arm --with-ecj-jar=/usr/share/java/eclipse-ecj.jar --disable-libgcj --enable-objc-gc --enable-multiarch --enable-multilib --disable-sjlj-exceptions --with-arch=armv7-a --with-fpu=vfpv3-d16 --with-float=hard --with-mode=thumb --disable-werror --enable-checking=release --build=x86_64-linux-gnu --host=x86_64-linux-gnu --target=arm-linux-gnueabihf --program-prefix=arm-linux-gnueabihf- --includedir=/usr/arm-linux-gnueabihf/include]
  ignore line: [Thread model: posix]
  ignore line: [gcc version 4.8.4 (Ubuntu/Linaro 4.8.4-2ubuntu1~14.04.1) ]
  ignore line: [COMPILER_PATH=/usr/lib/gcc-cross/arm-linux-gnueabihf/4.8/:/usr/lib/gcc-cross/arm-linux-gnueabihf/4.8/:/usr/lib/gcc-cross/arm-linux-gnueabihf/:/usr/lib/gcc-cross/arm-linux-gnueabihf/4.8/:/usr/lib/gcc-cross/arm-linux-gnueabihf/:/usr/lib/gcc-cross/arm-linux-gnueabihf/4.8/../../../../arm-linux-gnueabihf/bin/]
  ignore line: [LIBRARY_PATH=/usr/lib/gcc-cross/arm-linux-gnueabihf/4.8/:/usr/lib/gcc-cross/arm-linux-gnueabihf/4.8/../../../../arm-linux-gnueabihf/lib/../lib/:/lib/../lib/:/usr/lib/../lib/:/usr/lib/gcc-cross/arm-linux-gnueabihf/4.8/../../../../arm-linux-gnueabihf/lib/:/lib/:/usr/lib/]
  ignore line: [COLLECT_GCC_OPTIONS='-v' '-o' 'cmTryCompileExec584713887' '-rdynamic' '-shared-libgcc' '-march=armv7-a' '-mfloat-abi=hard' '-mfpu=vfpv3-d16' '-mthumb' '-mtls-dialect=gnu']
  link line: [ /usr/lib/gcc-cross/arm-linux-gnueabihf/4.8/collect2 --sysroot=/ --build-id --eh-frame-hdr -export-dynamic -dynamic-linker /lib/ld-linux-armhf.so.3 -X --hash-style=gnu --as-needed -m armelf_linux_eabi -z relro -o cmTryCompileExec584713887 /usr/lib/gcc-cross/arm-linux-gnueabihf/4.8/../../../../arm-linux-gnueabihf/lib/../lib/crt1.o /usr/lib/gcc-cross/arm-linux-gnueabihf/4.8/../../../../arm-linux-gnueabihf/lib/../lib/crti.o /usr/lib/gcc-cross/arm-linux-gnueabihf/4.8/crtbegin.o -L/usr/lib/gcc-cross/arm-linux-gnueabihf/4.8 -L/usr/lib/gcc-cross/arm-linux-gnueabihf/4.8/../../../../arm-linux-gnueabihf/lib/../lib -L/lib/../lib -L/usr/lib/../lib -L/usr/lib/gcc-cross/arm-linux-gnueabihf/4.8/../../../../arm-linux-gnueabihf/lib CMakeFiles/cmTryCompileExec584713887.dir/CMakeCXXCompilerABI.cpp.o -lstdc++ -lm -lgcc_s -lgcc -lc -lgcc_s -lgcc /usr/lib/gcc-cross/arm-linux-gnueabihf/4.8/crtend.o /usr/lib/gcc-cross/arm-linux-gnueabihf/4.8/../../../../arm-linux-gnueabihf/lib/../lib/crtn.o]
    arg [/usr/lib/gcc-cross/arm-linux-gnueabihf/4.8/collect2] ==> ignore
    arg [--sysroot=/] ==> ignore
    arg [--build-id] ==> ignore
    arg [--eh-frame-hdr] ==> ignore
    arg [-export-dynamic] ==> ignore
    arg [-dynamic-linker] ==> ignore
    arg [/lib/ld-linux-armhf.so.3] ==> ignore
    arg [-X] ==> ignore
    arg [--hash-style=gnu] ==> ignore
    arg [--as-needed] ==> ignore
    arg [-m] ==> ignore
    arg [armelf_linux_eabi] ==> ignore
    arg [-zrelro] ==> ignore
    arg [-o] ==> ignore
    arg [cmTryCompileExec584713887] ==> ignore
    arg [/usr/lib/gcc-cross/arm-linux-gnueabihf/4.8/../../../../arm-linux-gnueabihf/lib/../lib/crt1.o] ==> ignore
    arg [/usr/lib/gcc-cross/arm-linux-gnueabihf/4.8/../../../../arm-linux-gnueabihf/lib/../lib/crti.o] ==> ignore
    arg [/usr/lib/gcc-cross/arm-linux-gnueabihf/4.8/crtbegin.o] ==> ignore
    arg [-L/usr/lib/gcc-cross/arm-linux-gnueabihf/4.8] ==> dir [/usr/lib/gcc-cross/arm-linux-gnueabihf/4.8]
    arg [-L/usr/lib/gcc-cross/arm-linux-gnueabihf/4.8/../../../../arm-linux-gnueabihf/lib/../lib] ==> dir [/usr/lib/gcc-cross/arm-linux-gnueabihf/4.8/../../../../arm-linux-gnueabihf/lib/../lib]
    arg [-L/lib/../lib] ==> dir [/lib/../lib]
    arg [-L/usr/lib/../lib] ==> dir [/usr/lib/../lib]
    arg [-L/usr/lib/gcc-cross/arm-linux-gnueabihf/4.8/../../../../arm-linux-gnueabihf/lib] ==> dir [/usr/lib/gcc-cross/arm-linux-gnueabihf/4.8/../../../../arm-linux-gnueabihf/lib]
    arg [CMakeFiles/cmTryCompileExec584713887.dir/CMakeCXXCompilerABI.cpp.o] ==> ignore
    arg [-lstdc++] ==> lib [stdc++]
    arg [-lm] ==> lib [m]
    arg [-lgcc_s] ==> lib [gcc_s]
    arg [-lgcc] ==> lib [gcc]
    arg [-lc] ==> lib [c]
    arg [-lgcc_s] ==> lib [gcc_s]
    arg [-lgcc] ==> lib [gcc]
    arg [/usr/lib/gcc-cross/arm-linux-gnueabihf/4.8/crtend.o] ==> ignore
    arg [/usr/lib/gcc-cross/arm-linux-gnueabihf/4.8/../../../../arm-linux-gnueabihf/lib/../lib/crtn.o] ==> ignore
  remove lib [gcc_s]
  remove lib [gcc]
  remove lib [gcc_s]
  remove lib [gcc]
  collapse library dir [/usr/lib/gcc-cross/arm-linux-gnueabihf/4.8] ==> [/usr/lib/gcc-cross/arm-linux-gnueabihf/4.8]
  collapse library dir [/usr/lib/gcc-cross/arm-linux-gnueabihf/4.8/../../../../arm-linux-gnueabihf/lib/../lib] ==> [/usr/arm-linux-gnueabihf/lib]
  collapse library dir [/lib/../lib] ==> [/lib]
  collapse library dir [/usr/lib/../lib] ==> [/usr/lib]
  collapse library dir [/usr/lib/gcc-cross/arm-linux-gnueabihf/4.8/../../../../arm-linux-gnueabihf/lib] ==> [/usr/arm-linux-gnueabihf/lib]
  implicit libs: [stdc++;m;c]
  implicit dirs: [/usr/lib/gcc-cross/arm-linux-gnueabihf/4.8;/usr/arm-linux-gnueabihf/lib;/lib;/usr/lib]
  implicit fwks: []




Detecting CXX [-std=c++1y] compiler features compiled with the following output:
Change Dir: /home/jaehyun/build_arm/CMakeFiles/CMakeTmp

Run Build Command:"/usr/bin/make" "cmTryCompileExec3499866323/fast"
/usr/bin/make -f CMakeFiles/cmTryCompileExec3499866323.dir/build.make CMakeFiles/cmTryCompileExec3499866323.dir/build
make[1]: Entering directory `/home/jaehyun/build_arm/CMakeFiles/CMakeTmp'
/usr/bin/cmake -E cmake_progress_report /home/jaehyun/build_arm/CMakeFiles/CMakeTmp/CMakeFiles 1
Building CXX object CMakeFiles/cmTryCompileExec3499866323.dir/feature_tests.cxx.o
/usr/bin/arm-linux-gnueabihf-g++    -std=c++1y -o CMakeFiles/cmTryCompileExec3499866323.dir/feature_tests.cxx.o -c /home/jaehyun/build_arm/CMakeFiles/feature_tests.cxx
Linking CXX executable cmTryCompileExec3499866323
/usr/bin/cmake -E cmake_link_script CMakeFiles/cmTryCompileExec3499866323.dir/link.txt --verbose=1
/usr/bin/arm-linux-gnueabihf-g++        CMakeFiles/cmTryCompileExec3499866323.dir/feature_tests.cxx.o  -o cmTryCompileExec3499866323 -rdynamic 
make[1]: Leaving directory `/home/jaehyun/build_arm/CMakeFiles/CMakeTmp'


    Feature record: CXX_FEATURE:0cxx_aggregate_default_initializers
    Feature record: CXX_FEATURE:1cxx_alias_templates
    Feature record: CXX_FEATURE:1cxx_alignas
    Feature record: CXX_FEATURE:1cxx_alignof
    Feature record: CXX_FEATURE:1cxx_attributes
    Feature record: CXX_FEATURE:0cxx_attribute_deprecated
    Feature record: CXX_FEATURE:1cxx_auto_type
    Feature record: CXX_FEATURE:0cxx_binary_literals
    Feature record: CXX_FEATURE:1cxx_constexpr
    Feature record: CXX_FEATURE:0cxx_contextual_conversions
    Feature record: CXX_FEATURE:1cxx_decltype
    Feature record: CXX_FEATURE:0cxx_decltype_auto
    Feature record: CXX_FEATURE:1cxx_decltype_incomplete_return_types
    Feature record: CXX_FEATURE:1cxx_default_function_template_args
    Feature record: CXX_FEATURE:1cxx_defaulted_functions
    Feature record: CXX_FEATURE:1cxx_defaulted_move_initializers
    Feature record: CXX_FEATURE:1cxx_delegating_constructors
    Feature record: CXX_FEATURE:1cxx_deleted_functions
    Feature record: CXX_FEATURE:0cxx_digit_separators
    Feature record: CXX_FEATURE:1cxx_enum_forward_declarations
    Feature record: CXX_FEATURE:1cxx_explicit_conversions
    Feature record: CXX_FEATURE:1cxx_extended_friend_declarations
    Feature record: CXX_FEATURE:1cxx_extern_templates
    Feature record: CXX_FEATURE:1cxx_final
    Feature record: CXX_FEATURE:1cxx_func_identifier
    Feature record: CXX_FEATURE:1cxx_generalized_initializers
    Feature record: CXX_FEATURE:0cxx_generic_lambdas
    Feature record: CXX_FEATURE:1cxx_inheriting_constructors
    Feature record: CXX_FEATURE:1cxx_inline_namespaces
    Feature record: CXX_FEATURE:1cxx_lambdas
    Feature record: CXX_FEATURE:0cxx_lambda_init_captures
    Feature record: CXX_FEATURE:1cxx_local_type_template_args
    Feature record: CXX_FEATURE:1cxx_long_long_type
    Feature record: CXX_FEATURE:1cxx_noexcept
    Feature record: CXX_FEATURE:1cxx_nonstatic_member_init
    Feature record: CXX_FEATURE:1cxx_nullptr
    Feature record: CXX_FEATURE:1cxx_override
    Feature record: CXX_FEATURE:1cxx_range_for
    Feature record: CXX_FEATURE:1cxx_raw_string_literals
    Feature record: CXX_FEATURE:1cxx_reference_qualified_functions
    Feature record: CXX_FEATURE:0cxx_relaxed_constexpr
    Feature record: CXX_FEATURE:0cxx_return_type_deduction
    Feature record: CXX_FEATURE:1cxx_right_angle_brackets
    Feature record: CXX_FEATURE:1cxx_rvalue_references
    Feature record: CXX_FEATURE:1cxx_sizeof_member
    Feature record: CXX_FEATURE:1cxx_static_assert
    Feature record: CXX_FEATURE:1cxx_strong_enums
    Feature record: CXX_FEATURE:1cxx_template_template_parameters
    Feature record: CXX_FEATURE:1cxx_thread_local
    Feature record: CXX_FEATURE:1cxx_trailing_return_types
    Feature record: CXX_FEATURE:1cxx_unicode_literals
    Feature record: CXX_FEATURE:1cxx_uniform_initialization
    Feature record: CXX_FEATURE:1cxx_unrestricted_unions
    Feature record: CXX_FEATURE:1cxx_user_literals
    Feature record: CXX_FEATURE:0cxx_variable_templates
    Feature record: CXX_FEATURE:1cxx_variadic_macros
    Feature record: CXX_FEATURE:1cxx_variadic_templates


Detecting CXX [-std=c++11] compiler features compiled with the following output:
Change Dir: /home/jaehyun/build_arm/CMakeFiles/CMakeTmp

Run Build Command:"/usr/bin/make" "cmTryCompileExec1171719556/fast"
/usr/bin/make -f CMakeFiles/cmTryCompileExec1171719556.dir/build.make CMakeFiles/cmTryCompileExec1171719556.dir/build
make[1]: Entering directory `/home/jaehyun/build_arm/CMakeFiles/CMakeTmp'
/usr/bin/cmake -E cmake_progress_report /home/jaehyun/build_arm/CMakeFiles/CMakeTmp/CMakeFiles 1
Building CXX object CMakeFiles/cmTryCompileExec1171719556.dir/feature_tests.cxx.o
/usr/bin/arm-linux-gnueabihf-g++    -std=c++11 -o CMakeFiles/cmTryCompileExec1171719556.dir/feature_tests.cxx.o -c /home/jaehyun/build_arm/CMakeFiles/feature_tests.cxx
Linking CXX executable cmTryCompileExec1171719556
/usr/bin/cmake -E cmake_link_script CMakeFiles/cmTryCompileExec1171719556.dir/link.txt --verbose=1
/usr/bin/arm-linux-gnueabihf-g++        CMakeFiles/cmTryCompileExec1171719556.dir/feature_tests.cxx.o  -o cmTryCompileExec1171719556 -rdynamic 
make[1]: Leaving directory `/home/jaehyun/build_arm/CMakeFiles/CMakeTmp'


    Feature record: CXX_FEATURE:0cxx_aggregate_default_initializers
    Feature record: CXX_FEATURE:1cxx_alias_templates
    Feature record: CXX_FEATURE:1cxx_alignas
    Feature record: CXX_FEATURE:1cxx_alignof
    Feature record: CXX_FEATURE:1cxx_attributes
    Feature record: CXX_FEATURE:0cxx_attribute_deprecated
    Feature record: CXX_FEATURE:1cxx_auto_type
    Feature record: CXX_FEATURE:0cxx_binary_literals
    Feature record: CXX_FEATURE:1cxx_constexpr
    Feature record: CXX_FEATURE:0cxx_contextual_conversions
    Feature record: CXX_FEATURE:1cxx_decltype
    Feature record: CXX_FEATURE:0cxx_decltype_auto
    Feature record: CXX_FEATURE:1cxx_decltype_incomplete_return_types
    Feature record: CXX_FEATURE:1cxx_default_function_template_args
    Feature record: CXX_FEATURE:1cxx_defaulted_functions
    Feature record: CXX_FEATURE:1cxx_defaulted_move_initializers
    Feature record: CXX_FEATURE:1cxx_delegating_constructors
    Feature record: CXX_FEATURE:1cxx_deleted_functions
    Feature record: CXX_FEATURE:0cxx_digit_separators
    Feature record: CXX_FEATURE:1cxx_enum_forward_declarations
    Feature record: CXX_FEATURE:1cxx_explicit_conversions
    Feature record: CXX_FEATURE:1cxx_extended_friend_declarations
    Feature record: CXX_FEATURE:1cxx_extern_templates
    Feature record: CXX_FEATURE:1cxx_final
    Feature record: CXX_FEATURE:1cxx_func_identifier
    Feature record: CXX_FEATURE:1cxx_generalized_initializers
    Feature record: CXX_FEATURE:0cxx_generic_lambdas
    Feature record: CXX_FEATURE:1cxx_inheriting_constructors
    Feature record: CXX_FEATURE:1cxx_inline_namespaces
    Feature record: CXX_FEATURE:1cxx_lambdas
    Feature record: CXX_FEATURE:0cxx_lambda_init_captures
    Feature record: CXX_FEATURE:1cxx_local_type_template_args
    Feature record: CXX_FEATURE:1cxx_long_long_type
    Feature record: CXX_FEATURE:1cxx_noexcept
    Feature record: CXX_FEATURE:1cxx_nonstatic_member_init
    Feature record: CXX_FEATURE:1cxx_nullptr
    Feature record: CXX_FEATURE:1cxx_override
    Feature record: CXX_FEATURE:1cxx_range_for
    Feature record: CXX_FEATURE:1cxx_raw_string_literals
    Feature record: CXX_FEATURE:1cxx_reference_qualified_functions
    Feature record: CXX_FEATURE:0cxx_relaxed_constexpr
    Feature record: CXX_FEATURE:0cxx_return_type_deduction
    Feature record: CXX_FEATURE:1cxx_right_angle_brackets
    Feature record: CXX_FEATURE:1cxx_rvalue_references
    Feature record: CXX_FEATURE:1cxx_sizeof_member
    Feature record: CXX_FEATURE:1cxx_static_assert
    Feature record: CXX_FEATURE:1cxx_strong_enums
    Feature record: CXX_FEATURE:1cxx_template_template_parameters
    Feature record: CXX_FEATURE:1cxx_thread_local
    Feature record: CXX_FEATURE:1cxx_trailing_return_types
    Feature record: CXX_FEATURE:1cxx_unicode_literals
    Feature record: CXX_FEATURE:1cxx_uniform_initialization
    Feature record: CXX_FEATURE:1cxx_unrestricted_unions
    Feature record: CXX_FEATURE:1cxx_user_literals
    Feature record: CXX_FEATURE:0cxx_variable_templates
    Feature record: CXX_FEATURE:1cxx_variadic_macros
    Feature record: CXX_FEATURE:1cxx_variadic_templates


Detecting CXX [-std=c++98] compiler features compiled with the following output:
Change Dir: /home/jaehyun/build_arm/CMakeFiles/CMakeTmp

Run Build Command:"/usr/bin/make" "cmTryCompileExec1643846403/fast"
/usr/bin/make -f CMakeFiles/cmTryCompileExec1643846403.dir/build.make CMakeFiles/cmTryCompileExec1643846403.dir/build
make[1]: Entering directory `/home/jaehyun/build_arm/CMakeFiles/CMakeTmp'
/usr/bin/cmake -E cmake_progress_report /home/jaehyun/build_arm/CMakeFiles/CMakeTmp/CMakeFiles 1
Building CXX object CMakeFiles/cmTryCompileExec1643846403.dir/feature_tests.cxx.o
/usr/bin/arm-linux-gnueabihf-g++    -std=c++98 -o CMakeFiles/cmTryCompileExec1643846403.dir/feature_tests.cxx.o -c /home/jaehyun/build_arm/CMakeFiles/feature_tests.cxx
Linking CXX executable cmTryCompileExec1643846403
/usr/bin/cmake -E cmake_link_script CMakeFiles/cmTryCompileExec1643846403.dir/link.txt --verbose=1
/usr/bin/arm-linux-gnueabihf-g++        CMakeFiles/cmTryCompileExec1643846403.dir/feature_tests.cxx.o  -o cmTryCompileExec1643846403 -rdynamic 
make[1]: Leaving directory `/home/jaehyun/build_arm/CMakeFiles/CMakeTmp'


    Feature record: CXX_FEATURE:0cxx_aggregate_default_initializers
    Feature record: CXX_FEATURE:0cxx_alias_templates
    Feature record: CXX_FEATURE:0cxx_alignas
    Feature record: CXX_FEATURE:0cxx_alignof
    Feature record: CXX_FEATURE:0cxx_attributes
    Feature record: CXX_FEATURE:0cxx_attribute_deprecated
    Feature record: CXX_FEATURE:0cxx_auto_type
    Feature record: CXX_FEATURE:0cxx_binary_literals
    Feature record: CXX_FEATURE:0cxx_constexpr
    Feature record: CXX_FEATURE:0cxx_contextual_conversions
    Feature record: CXX_FEATURE:0cxx_decltype
    Feature record: CXX_FEATURE:0cxx_decltype_auto
    Feature record: CXX_FEATURE:0cxx_decltype_incomplete_return_types
    Feature record: CXX_FEATURE:0cxx_default_function_template_args
    Feature record: CXX_FEATURE:0cxx_defaulted_functions
    Feature record: CXX_FEATURE:0cxx_defaulted_move_initializers
    Feature record: CXX_FEATURE:0cxx_delegating_constructors
    Feature record: CXX_FEATURE:0cxx_deleted_functions
    Feature record: CXX_FEATURE:0cxx_digit_separators
    Feature record: CXX_FEATURE:0cxx_enum_forward_declarations
    Feature record: CXX_FEATURE:0cxx_explicit_conversions
    Feature record: CXX_FEATURE:0cxx_extended_friend_declarations
    Feature record: CXX_FEATURE:0cxx_extern_templates
    Feature record: CXX_FEATURE:0cxx_final
    Feature record: CXX_FEATURE:0cxx_func_identifier
    Feature record: CXX_FEATURE:0cxx_generalized_initializers
    Feature record: CXX_FEATURE:0cxx_generic_lambdas
    Feature record: CXX_FEATURE:0cxx_inheriting_constructors
    Feature record: CXX_FEATURE:0cxx_inline_namespaces
    Feature record: CXX_FEATURE:0cxx_lambdas
    Feature record: CXX_FEATURE:0cxx_lambda_init_captures
    Feature record: CXX_FEATURE:0cxx_local_type_template_args
    Feature record: CXX_FEATURE:0cxx_long_long_type
    Feature record: CXX_FEATURE:0cxx_noexcept
    Feature record: CXX_FEATURE:0cxx_nonstatic_member_init
    Feature record: CXX_FEATURE:0cxx_nullptr
    Feature record: CXX_FEATURE:0cxx_override
    Feature record: CXX_FEATURE:0cxx_range_for
    Feature record: CXX_FEATURE:0cxx_raw_string_literals
    Feature record: CXX_FEATURE:0cxx_reference_qualified_functions
    Feature record: CXX_FEATURE:0cxx_relaxed_constexpr
    Feature record: CXX_FEATURE:0cxx_return_type_deduction
    Feature record: CXX_FEATURE:0cxx_right_angle_brackets
    Feature record: CXX_FEATURE:0cxx_rvalue_references
    Feature record: CXX_FEATURE:0cxx_sizeof_member
    Feature record: CXX_FEATURE:0cxx_static_assert
    Feature record: CXX_FEATURE:0cxx_strong_enums
    Feature record: CXX_FEATURE:1cxx_template_template_parameters
    Feature record: CXX_FEATURE:0cxx_thread_local
    Feature record: CXX_FEATURE:0cxx_trailing_return_types
    Feature record: CXX_FEATURE:0cxx_unicode_literals
    Feature record: CXX_FEATURE:0cxx_uniform_initialization
    Feature record: CXX_FEATURE:0cxx_unrestricted_unions
    Feature record: CXX_FEATURE:0cxx_user_literals
    Feature record: CXX_FEATURE:0cxx_variable_templates
    Feature record: CXX_FEATURE:0cxx_variadic_macros
    Feature record: CXX_FEATURE:0cxx_variadic_templates
Checking whether the ASM compiler is GNU using "--version" matched "(GNU assembler)|(GCC)|(Free Software Foundation)":
GNU assembler (GNU Binutils for Ubuntu) 2.24
Copyright 2013 Free Software Foundation, Inc.
This program is free software; you may redistribute it under the terms of
the GNU General Public License version 3 or later.
This program has absolutely no warranty.
This assembler was configured for a target of `arm-linux-gnueabihf'.
Determining if the include file sys/types.h exists passed with the following output:
Change Dir: /home/jaehyun/build_arm/CMakeFiles/CMakeTmp

Run Build Command:"/usr/bin/make" "cmTryCompileExec2648696421/fast"
/usr/bin/make -f CMakeFiles/cmTryCompileExec2648696421.dir/build.make CMakeFiles/cmTryCompileExec2648696421.dir/build
make[1]: Entering directory `/home/jaehyun/build_arm/CMakeFiles/CMakeTmp'
/usr/bin/cmake -E cmake_progress_report /home/jaehyun/build_arm/CMakeFiles/CMakeTmp/CMakeFiles 1
Building C object CMakeFiles/cmTryCompileExec2648696421.dir/CheckIncludeFile.c.o
/usr/bin/arm-linux-gnueabihf-gcc    -o CMakeFiles/cmTryCompileExec2648696421.dir/CheckIncludeFile.c.o   -c /home/jaehyun/build_arm/CMakeFiles/CMakeTmp/CheckIncludeFile.c
Linking C executable cmTryCompileExec2648696421
/usr/bin/cmake -E cmake_link_script CMakeFiles/cmTryCompileExec2648696421.dir/link.txt --verbose=1
/usr/bin/arm-linux-gnueabihf-gcc        CMakeFiles/cmTryCompileExec2648696421.dir/CheckIncludeFile.c.o  -o cmTryCompileExec2648696421 -rdynamic 
make[1]: Leaving directory `/home/jaehyun/build_arm/CMakeFiles/CMakeTmp'


Determining if the include file stdint.h exists passed with the following output:
Change Dir: /home/jaehyun/build_arm/CMakeFiles/CMakeTmp

Run Build Command:"/usr/bin/make" "cmTryCompileExec3268160859/fast"
/usr/bin/make -f CMakeFiles/cmTryCompileExec3268160859.dir/build.make CMakeFiles/cmTryCompileExec3268160859.dir/build
make[1]: Entering directory `/home/jaehyun/build_arm/CMakeFiles/CMakeTmp'
/usr/bin/cmake -E cmake_progress_report /home/jaehyun/build_arm/CMakeFiles/CMakeTmp/CMakeFiles 1
Building C object CMakeFiles/cmTryCompileExec3268160859.dir/CheckIncludeFile.c.o
/usr/bin/arm-linux-gnueabihf-gcc    -o CMakeFiles/cmTryCompileExec3268160859.dir/CheckIncludeFile.c.o   -c /home/jaehyun/build_arm/CMakeFiles/CMakeTmp/CheckIncludeFile.c
Linking C executable cmTryCompileExec3268160859
/usr/bin/cmake -E cmake_link_script CMakeFiles/cmTryCompileExec3268160859.dir/link.txt --verbose=1
/usr/bin/arm-linux-gnueabihf-gcc        CMakeFiles/cmTryCompileExec3268160859.dir/CheckIncludeFile.c.o  -o cmTryCompileExec3268160859 -rdynamic 
make[1]: Leaving directory `/home/jaehyun/build_arm/CMakeFiles/CMakeTmp'


Determining if the include file stddef.h exists passed with the following output:
Change Dir: /home/jaehyun/build_arm/CMakeFiles/CMakeTmp

Run Build Command:"/usr/bin/make" "cmTryCompileExec2952092790/fast"
/usr/bin/make -f CMakeFiles/cmTryCompileExec2952092790.dir/build.make CMakeFiles/cmTryCompileExec2952092790.dir/build
make[1]: Entering directory `/home/jaehyun/build_arm/CMakeFiles/CMakeTmp'
/usr/bin/cmake -E cmake_progress_report /home/jaehyun/build_arm/CMakeFiles/CMakeTmp/CMakeFiles 1
Building C object CMakeFiles/cmTryCompileExec2952092790.dir/CheckIncludeFile.c.o
/usr/bin/arm-linux-gnueabihf-gcc    -o CMakeFiles/cmTryCompileExec2952092790.dir/CheckIncludeFile.c.o   -c /home/jaehyun/build_arm/CMakeFiles/CMakeTmp/CheckIncludeFile.c
Linking C executable cmTryCompileExec2952092790
/usr/bin/cmake -E cmake_link_script CMakeFiles/cmTryCompileExec2952092790.dir/link.txt --verbose=1
/usr/bin/arm-linux-gnueabihf-gcc        CMakeFiles/cmTryCompileExec2952092790.dir/CheckIncludeFile.c.o  -o cmTryCompileExec2952092790 -rdynamic 
make[1]: Leaving directory `/home/jaehyun/build_arm/CMakeFiles/CMakeTmp'


Determining size of uint passed with the following output:
Change Dir: /home/jaehyun/build_arm/CMakeFiles/CMakeTmp

Run Build Command:"/usr/bin/make" "cmTryCompileExec148614109/fast"
/usr/bin/make -f CMakeFiles/cmTryCompileExec148614109.dir/build.make CMakeFiles/cmTryCompileExec148614109.dir/build
make[1]: Entering directory `/home/jaehyun/build_arm/CMakeFiles/CMakeTmp'
/usr/bin/cmake -E cmake_progress_report /home/jaehyun/build_arm/CMakeFiles/CMakeTmp/CMakeFiles 1
Building C object CMakeFiles/cmTryCompileExec148614109.dir/DR_DO_NOT_DEFINE_uint.c.o
/usr/bin/arm-linux-gnueabihf-gcc    -o CMakeFiles/cmTryCompileExec148614109.dir/DR_DO_NOT_DEFINE_uint.c.o   -c /home/jaehyun/build_arm/CMakeFiles/CheckTypeSize/DR_DO_NOT_DEFINE_uint.c
Linking C executable cmTryCompileExec148614109
/usr/bin/cmake -E cmake_link_script CMakeFiles/cmTryCompileExec148614109.dir/link.txt --verbose=1
/usr/bin/arm-linux-gnueabihf-gcc        CMakeFiles/cmTryCompileExec148614109.dir/DR_DO_NOT_DEFINE_uint.c.o  -o cmTryCompileExec148614109 -rdynamic 
make[1]: Leaving directory `/home/jaehyun/build_arm/CMakeFiles/CMakeTmp'


Determining size of ushort passed with the following output:
Change Dir: /home/jaehyun/build_arm/CMakeFiles/CMakeTmp

Run Build Command:"/usr/bin/make" "cmTryCompileExec1246299404/fast"
/usr/bin/make -f CMakeFiles/cmTryCompileExec1246299404.dir/build.make CMakeFiles/cmTryCompileExec1246299404.dir/build
make[1]: Entering directory `/home/jaehyun/build_arm/CMakeFiles/CMakeTmp'
/usr/bin/cmake -E cmake_progress_report /home/jaehyun/build_arm/CMakeFiles/CMakeTmp/CMakeFiles 1
Building C object CMakeFiles/cmTryCompileExec1246299404.dir/DR_DO_NOT_DEFINE_ushort.c.o
/usr/bin/arm-linux-gnueabihf-gcc    -o CMakeFiles/cmTryCompileExec1246299404.dir/DR_DO_NOT_DEFINE_ushort.c.o   -c /home/jaehyun/build_arm/CMakeFiles/CheckTypeSize/DR_DO_NOT_DEFINE_ushort.c
Linking C executable cmTryCompileExec1246299404
/usr/bin/cmake -E cmake_link_script CMakeFiles/cmTryCompileExec1246299404.dir/link.txt --verbose=1
/usr/bin/arm-linux-gnueabihf-gcc        CMakeFiles/cmTryCompileExec1246299404.dir/DR_DO_NOT_DEFINE_ushort.c.o  -o cmTryCompileExec1246299404 -rdynamic 
make[1]: Leaving directory `/home/jaehyun/build_arm/CMakeFiles/CMakeTmp'


Determining size of _Bool passed with the following output:
Change Dir: /home/jaehyun/build_arm/CMakeFiles/CMakeTmp

Run Build Command:"/usr/bin/make" "cmTryCompileExec2493691545/fast"
/usr/bin/make -f CMakeFiles/cmTryCompileExec2493691545.dir/build.make CMakeFiles/cmTryCompileExec2493691545.dir/build
make[1]: Entering directory `/home/jaehyun/build_arm/CMakeFiles/CMakeTmp'
/usr/bin/cmake -E cmake_progress_report /home/jaehyun/build_arm/CMakeFiles/CMakeTmp/CMakeFiles 1
Building C object CMakeFiles/cmTryCompileExec2493691545.dir/DR__Bool_EXISTS.c.o
/usr/bin/arm-linux-gnueabihf-gcc    -o CMakeFiles/cmTryCompileExec2493691545.dir/DR__Bool_EXISTS.c.o   -c /home/jaehyun/build_arm/CMakeFiles/CheckTypeSize/DR__Bool_EXISTS.c
Linking C executable cmTryCompileExec2493691545
/usr/bin/cmake -E cmake_link_script CMakeFiles/cmTryCompileExec2493691545.dir/link.txt --verbose=1
/usr/bin/arm-linux-gnueabihf-gcc        CMakeFiles/cmTryCompileExec2493691545.dir/DR__Bool_EXISTS.c.o  -o cmTryCompileExec2493691545 -rdynamic 
make[1]: Leaving directory `/home/jaehyun/build_arm/CMakeFiles/CMakeTmp'


Performing C SOURCE FILE Test no_stack_protector_avail succeded with the following output:
Change Dir: /home/jaehyun/build_arm/CMakeFiles/CMakeTmp

Run Build Command:"/usr/bin/make" "cmTryCompileExec3494773156/fast"
/usr/bin/make -f CMakeFiles/cmTryCompileExec3494773156.dir/build.make CMakeFiles/cmTryCompileExec3494773156.dir/build
make[1]: Entering directory `/home/jaehyun/build_arm/CMakeFiles/CMakeTmp'
/usr/bin/cmake -E cmake_progress_report /home/jaehyun/build_arm/CMakeFiles/CMakeTmp/CMakeFiles 1
Building C object CMakeFiles/cmTryCompileExec3494773156.dir/src.c.o
/usr/bin/arm-linux-gnueabihf-gcc   -Dno_stack_protector_avail   -fno-stack-protector -o CMakeFiles/cmTryCompileExec3494773156.dir/src.c.o   -c /home/jaehyun/build_arm/CMakeFiles/CMakeTmp/src.c
Linking C executable cmTryCompileExec3494773156
/usr/bin/cmake -E cmake_link_script CMakeFiles/cmTryCompileExec3494773156.dir/link.txt --verbose=1
/usr/bin/arm-linux-gnueabihf-gcc    -Dno_stack_protector_avail    CMakeFiles/cmTryCompileExec3494773156.dir/src.c.o  -o cmTryCompileExec3494773156 -rdynamic 
make[1]: Leaving directory `/home/jaehyun/build_arm/CMakeFiles/CMakeTmp'

Source file was:
int main(void) { return 0; }
Performing C SOURCE FILE Test nounused_avail succeded with the following output:
Change Dir: /home/jaehyun/build_arm/CMakeFiles/CMakeTmp

Run Build Command:"/usr/bin/make" "cmTryCompileExec2386274892/fast"
/usr/bin/make -f CMakeFiles/cmTryCompileExec2386274892.dir/build.make CMakeFiles/cmTryCompileExec2386274892.dir/build
make[1]: Entering directory `/home/jaehyun/build_arm/CMakeFiles/CMakeTmp'
/usr/bin/cmake -E cmake_progress_report /home/jaehyun/build_arm/CMakeFiles/CMakeTmp/CMakeFiles 1
Building C object CMakeFiles/cmTryCompileExec2386274892.dir/src.c.o
/usr/bin/arm-linux-gnueabihf-gcc   -Dnounused_avail   -Wno-unused-but-set-variable -o CMakeFiles/cmTryCompileExec2386274892.dir/src.c.o   -c /home/jaehyun/build_arm/CMakeFiles/CMakeTmp/src.c
Linking C executable cmTryCompileExec2386274892
/usr/bin/cmake -E cmake_link_script CMakeFiles/cmTryCompileExec2386274892.dir/link.txt --verbose=1
/usr/bin/arm-linux-gnueabihf-gcc    -Dnounused_avail    CMakeFiles/cmTryCompileExec2386274892.dir/src.c.o  -o cmTryCompileExec2386274892 -rdynamic 
make[1]: Leaving directory `/home/jaehyun/build_arm/CMakeFiles/CMakeTmp'

Source file was:
int main(void) { return 0; }
Performing C SOURCE FILE Test HAVE_TYPELIMITS_CONTROL succeded with the following output:
Change Dir: /home/jaehyun/build_arm/CMakeFiles/CMakeTmp

Run Build Command:"/usr/bin/make" "cmTryCompileExec4037302932/fast"
/usr/bin/make -f CMakeFiles/cmTryCompileExec4037302932.dir/build.make CMakeFiles/cmTryCompileExec4037302932.dir/build
make[1]: Entering directory `/home/jaehyun/build_arm/CMakeFiles/CMakeTmp'
/usr/bin/cmake -E cmake_progress_report /home/jaehyun/build_arm/CMakeFiles/CMakeTmp/CMakeFiles 1
Building C object CMakeFiles/cmTryCompileExec4037302932.dir/src.c.o
/usr/bin/arm-linux-gnueabihf-gcc   -DHAVE_TYPELIMITS_CONTROL   -Wtype-limits -o CMakeFiles/cmTryCompileExec4037302932.dir/src.c.o   -c /home/jaehyun/build_arm/CMakeFiles/CMakeTmp/src.c
Linking C executable cmTryCompileExec4037302932
/usr/bin/cmake -E cmake_link_script CMakeFiles/cmTryCompileExec4037302932.dir/link.txt --verbose=1
/usr/bin/arm-linux-gnueabihf-gcc    -DHAVE_TYPELIMITS_CONTROL    CMakeFiles/cmTryCompileExec4037302932.dir/src.c.o  -o cmTryCompileExec4037302932 -rdynamic 
make[1]: Leaving directory `/home/jaehyun/build_arm/CMakeFiles/CMakeTmp'

Source file was:
int main(void) { return 0; }
Performing C SOURCE FILE Test HAVE_FVISIBILITY_INTERNAL succeded with the following output:
Change Dir: /home/jaehyun/build_arm/CMakeFiles/CMakeTmp

Run Build Command:"/usr/bin/make" "cmTryCompileExec2606640291/fast"
/usr/bin/make -f CMakeFiles/cmTryCompileExec2606640291.dir/build.make CMakeFiles/cmTryCompileExec2606640291.dir/build
make[1]: Entering directory `/home/jaehyun/build_arm/CMakeFiles/CMakeTmp'
/usr/bin/cmake -E cmake_progress_report /home/jaehyun/build_arm/CMakeFiles/CMakeTmp/CMakeFiles 1
Building C object CMakeFiles/cmTryCompileExec2606640291.dir/src.c.o
/usr/bin/arm-linux-gnueabihf-gcc   -DHAVE_FVISIBILITY_INTERNAL   -fvisibility=internal -o CMakeFiles/cmTryCompileExec2606640291.dir/src.c.o   -c /home/jaehyun/build_arm/CMakeFiles/CMakeTmp/src.c
Linking C executable cmTryCompileExec2606640291
/usr/bin/cmake -E cmake_link_script CMakeFiles/cmTryCompileExec2606640291.dir/link.txt --verbose=1
/usr/bin/arm-linux-gnueabihf-gcc    -DHAVE_FVISIBILITY_INTERNAL    CMakeFiles/cmTryCompileExec2606640291.dir/src.c.o  -o cmTryCompileExec2606640291 -rdynamic 
make[1]: Leaving directory `/home/jaehyun/build_arm/CMakeFiles/CMakeTmp'

Source file was:
int main(void) { return 0; }
Performing C SOURCE FILE Test HAVE_FVISIBILITY_HIDDEN succeded with the following output:
Change Dir: /home/jaehyun/build_arm/CMakeFiles/CMakeTmp

Run Build Command:"/usr/bin/make" "cmTryCompileExec2026047989/fast"
/usr/bin/make -f CMakeFiles/cmTryCompileExec2026047989.dir/build.make CMakeFiles/cmTryCompileExec2026047989.dir/build
make[1]: Entering directory `/home/jaehyun/build_arm/CMakeFiles/CMakeTmp'
/usr/bin/cmake -E cmake_progress_report /home/jaehyun/build_arm/CMakeFiles/CMakeTmp/CMakeFiles 1
Building C object CMakeFiles/cmTryCompileExec2026047989.dir/src.c.o
/usr/bin/arm-linux-gnueabihf-gcc   -DHAVE_FVISIBILITY_HIDDEN   -fvisibility=hidden -o CMakeFiles/cmTryCompileExec2026047989.dir/src.c.o   -c /home/jaehyun/build_arm/CMakeFiles/CMakeTmp/src.c
Linking C executable cmTryCompileExec2026047989
/usr/bin/cmake -E cmake_link_script CMakeFiles/cmTryCompileExec2026047989.dir/link.txt --verbose=1
/usr/bin/arm-linux-gnueabihf-gcc    -DHAVE_FVISIBILITY_HIDDEN    CMakeFiles/cmTryCompileExec2026047989.dir/src.c.o  -o cmTryCompileExec2026047989 -rdynamic 
make[1]: Leaving directory `/home/jaehyun/build_arm/CMakeFiles/CMakeTmp'

Source file was:
int main(void) { return 0; }
Performing C++ SOURCE FILE Test GCC_HAS_NO_PSABI succeded with the following output:
Change Dir: /home/jaehyun/build_arm/CMakeFiles/CMakeTmp

Run Build Command:"/usr/bin/make" "cmTryCompileExec2149734354/fast"
/usr/bin/make -f CMakeFiles/cmTryCompileExec2149734354.dir/build.make CMakeFiles/cmTryCompileExec2149734354.dir/build
make[1]: Entering directory `/home/jaehyun/build_arm/CMakeFiles/CMakeTmp'
/usr/bin/cmake -E cmake_progress_report /home/jaehyun/build_arm/CMakeFiles/CMakeTmp/CMakeFiles 1
Building CXX object CMakeFiles/cmTryCompileExec2149734354.dir/src.cxx.o
/usr/bin/arm-linux-gnueabihf-g++    -mthumb -march=armv7-a  -fno-strict-aliasing -fno-stack-protector -fvisibility=internal  -std=c++11 -O3 -g3 -Wall -Werror -Wwrite-strings -Wno-unused-but-set-variable -DGCC_HAS_NO_PSABI   -Wno-psabi -o CMakeFiles/cmTryCompileExec2149734354.dir/src.cxx.o -c /home/jaehyun/build_arm/CMakeFiles/CMakeTmp/src.cxx
Linking CXX executable cmTryCompileExec2149734354
/usr/bin/cmake -E cmake_link_script CMakeFiles/cmTryCompileExec2149734354.dir/link.txt --verbose=1
/usr/bin/arm-linux-gnueabihf-g++   -mthumb -march=armv7-a  -fno-strict-aliasing -fno-stack-protector -fvisibility=internal  -std=c++11 -O3 -g3 -Wall -Werror -Wwrite-strings -Wno-unused-but-set-variable -DGCC_HAS_NO_PSABI     CMakeFiles/cmTryCompileExec2149734354.dir/src.cxx.o  -o cmTryCompileExec2149734354 -rdynamic 
make[1]: Leaving directory `/home/jaehyun/build_arm/CMakeFiles/CMakeTmp'

Source file was:
int main() { return 0; }
